#
# There is insufficient memory for the Java Runtime Environment to continue.
# Native memory allocation (malloc) failed to allocate 1048576 bytes for AllocateHeap
# Possible reasons:
#   The system is out of physical RAM or swap space
#   In 32 bit mode, the process size limit was hit
# Possible solutions:
#   Reduce memory load on the system
#   Increase physical memory or swap space
#   Check if swap backing store is full
#   Use 64 bit Java on a 64 bit OS
#   Decrease Java heap size (-Xmx/-Xms)
#   Decrease number of Java threads
#   Decrease Java thread stack sizes (-Xss)
#   Set larger code cache with -XX:ReservedCodeCacheSize=
# This output file may be truncated or incomplete.
#
#  Out of Memory Error (memory/allocation.inline.hpp:61), pid=11424, tid=0x0000000000003840
#
# JRE version:  (8.0_152-b16) (build )
# Java VM: Java HotSpot(TM) 64-Bit Server VM (25.152-b16 mixed mode windows-amd64 compressed oops)
# Failed to write core dump. Minidumps are not enabled by default on client versions of Windows
#

---------------  T H R E A D  ---------------

Current thread (0x0000000002ee2800):  JavaThread "Unknown thread" [_thread_in_vm, id=14400, stack(0x0000000002b90000,0x0000000002c90000)]

Stack: [0x0000000002b90000,0x0000000002c90000]
[error occurred during error reporting (printing stack bounds), id 0xc0000005]

Native frames: (J=compiled Java code, j=interpreted, Vv=VM code, C=native code)


---------------  P R O C E S S  ---------------

Java Threads: ( => current thread )

Other Threads:

=>0x0000000002ee2800 (exited) JavaThread "Unknown thread" [_thread_in_vm, id=14400, stack(0x0000000002b90000,0x0000000002c90000)]

VM state:not at safepoint (normal execution)

VM Mutex/Monitor currently owned by a thread: None

Heap:
 PSYoungGen      total 76288K, used 1310K [0x000000076b180000, 0x0000000770680000, 0x00000007c0000000)
  eden space 65536K, 2% used [0x000000076b180000,0x000000076b2c7af0,0x000000076f180000)
  from space 10752K, 0% used [0x000000076fc00000,0x000000076fc00000,0x0000000770680000)
  to   space 10752K, 0% used [0x000000076f180000,0x000000076f180000,0x000000076fc00000)
 ParOldGen       total 175104K, used 0K [0x00000006c1400000, 0x00000006cbf00000, 0x000000076b180000)
  object space 175104K, 0% used [0x00000006c1400000,0x00000006c1400000,0x00000006cbf00000)
 Metaspace       used 770K, capacity 4480K, committed 4480K, reserved 1056768K
  class space    used 75K, capacity 384K, committed 384K, reserved 1048576K

Card table byte_map: [0x00000000123a0000,0x0000000012ba0000] byte_map_base: 0x000000000ed96000

Marking Bits: (ParMarkBitMap*) 0x000000006a910860
 Begin Bits: [0x0000000013af0000, 0x0000000017aa0000)
 End Bits:   [0x0000000017aa0000, 0x000000001ba50000)

Polling page: 0x0000000000f00000

CodeCache: size=245760Kb used=327Kb max_used=327Kb free=245432Kb
 bounds [0x0000000002fe0000, 0x0000000003250000, 0x0000000011fe0000]
 total_blobs=57 nmethods=0 adapters=38
 compilation: enabled

Compilation events (0 events):
No events

GC Heap History (0 events):
No events

Deoptimization events (0 events):
No events

Classes redefined (0 events):
No events

Internal exceptions (0 events):
No events

Events (10 events):
Event: 0.018 loading class java/lang/Short
Event: 0.018 loading class java/lang/Short done
Event: 0.018 loading class java/lang/Integer
Event: 0.018 loading class java/lang/Integer done
Event: 0.018 loading class java/lang/Long
Event: 0.018 loading class java/lang/Long done
Event: 0.019 loading class java/lang/NullPointerException
Event: 0.019 loading class java/lang/NullPointerException done
Event: 0.019 loading class java/lang/ArithmeticException
Event: 0.019 loading class java/lang/ArithmeticException done


Dynamic libraries:
0x00007ff737c20000 - 0x00007ff737c57000 	D:\Java\jdk1.8.0_152\bin\java.exe
0x00007ffebe890000 - 0x00007ffebea84000 	C:\Windows\SYSTEM32\ntdll.dll
0x00007ffebdbf0000 - 0x00007ffebdcad000 	C:\Windows\System32\KERNEL32.DLL
0x00007ffebc160000 - 0x00007ffebc427000 	C:\Windows\System32\KERNELBASE.dll
0x00007ffebd860000 - 0x00007ffebd90a000 	C:\Windows\System32\ADVAPI32.dll
0x00007ffebe3b0000 - 0x00007ffebe44e000 	C:\Windows\System32\msvcrt.dll
0x00007ffebe7b0000 - 0x00007ffebe84b000 	C:\Windows\System32\sechost.dll
0x00007ffebdac0000 - 0x00007ffebdbe3000 	C:\Windows\System32\RPCRT4.dll
0x00007ffebe070000 - 0x00007ffebe210000 	C:\Windows\System32\USER32.dll
0x00007ffebc7c0000 - 0x00007ffebc7e2000 	C:\Windows\System32\win32u.dll
0x00007ffebdd20000 - 0x00007ffebdd4a000 	C:\Windows\System32\GDI32.dll
0x00007ffebc480000 - 0x00007ffebc589000 	C:\Windows\System32\gdi32full.dll
0x00007ffebc720000 - 0x00007ffebc7bd000 	C:\Windows\System32\msvcp_win.dll
0x00007ffebc060000 - 0x00007ffebc160000 	C:\Windows\System32\ucrtbase.dll
0x00007ffea5670000 - 0x00007ffea590a000 	C:\Windows\WinSxS\amd64_microsoft.windows.common-controls_6595b64144ccf1df_6.0.19041.1_none_b555e41d4684ddec\COMCTL32.dll
0x00007ffebdf20000 - 0x00007ffebdf50000 	C:\Windows\System32\IMM32.DLL
0x000000006a990000 - 0x000000006aa62000 	D:\Java\jdk1.8.0_152\jre\bin\msvcr100.dll
0x000000006a0f0000 - 0x000000006a990000 	D:\Java\jdk1.8.0_152\jre\bin\server\jvm.dll
0x00007ffebdfb0000 - 0x00007ffebdfb8000 	C:\Windows\System32\PSAPI.DLL
0x00007ffebbb80000 - 0x00007ffebbb8a000 	C:\Windows\SYSTEM32\VERSION.dll
0x00007ffea55c0000 - 0x00007ffea55c9000 	C:\Windows\SYSTEM32\WSOCK32.dll
0x00007ffeb3770000 - 0x00007ffeb3797000 	C:\Windows\SYSTEM32\WINMM.dll
0x00007ffebd970000 - 0x00007ffebd9db000 	C:\Windows\System32\WS2_32.dll
0x000000006a0e0000 - 0x000000006a0ef000 	D:\Java\jdk1.8.0_152\jre\bin\verify.dll
0x000000006a0b0000 - 0x000000006a0d9000 	D:\Java\jdk1.8.0_152\jre\bin\java.dll
0x000000006a060000 - 0x000000006a083000 	D:\Java\jdk1.8.0_152\jre\bin\instrument.dll
0x000000006a090000 - 0x000000006a0a6000 	D:\Java\jdk1.8.0_152\jre\bin\zip.dll

VM Arguments:
jvm_args: -Dmaven.multiModuleProjectDirectory=D:\geektime\cloud2021 -Dmaven.home=D:\Program Files\Apache\apache-maven-3.8.1 -Dclassworlds.conf=D:\Program Files\Apache\apache-maven-3.8.1\bin\m2.conf -Dmaven.ext.class.path=D:\Program Files\JetBrains\IntelliJ IDEA 2020.3.3\plugins\maven\lib\maven-event-listener.jar -javaagent:D:\Program Files\JetBrains\IntelliJ IDEA 2020.3.3\lib\idea_rt.jar=53337:D:\Program Files\JetBrains\IntelliJ IDEA 2020.3.3\bin -Dfile.encoding=UTF-8 
java_command: org.codehaus.classworlds.Launcher -Didea.version=2020.3.3 -DskipTests=true clean
java_class_path (initial): D:\Program Files\Apache\apache-maven-3.8.1\boot\plexus-classworlds-2.6.0.jar;D:\Program Files\Apache\apache-maven-3.8.1\boot\plexus-classworlds.license;D:\Program Files\JetBrains\IntelliJ IDEA 2020.3.3\lib\idea_rt.jar
Launcher Type: SUN_STANDARD

Environment Variables:
JAVA_HOME=D:\Java\jdk1.8.0_152
CLASSPATH=.;D:\Java\jdk1.8.0_152\lib\dt.jar;D:\Java\jdk1.8.0_152\lib\tools.jar
PATH=D:\Java\jdk1.8.0_152\bin;C:\ProgramData\Oracle\Java\javapath;C:\Windows\system32;C:\Windows;C:\Windows\System32\Wbem;C:\Windows\System32\WindowsPowerShell\v1.0\;C:\Windows\System32\OpenSSH\;C:\Program Files (x86)\NVIDIA Corporation\PhysX\Common;C:\Program Files\NVIDIA Corporation\NVIDIA NvDLISR;D:\Program Files\Git\cmd;D:\Program Files\Apache\apache-maven-3.8.1\bin;C:\Program Files\MySQL\MySQL Shell 8.0\bin\;C:\Users\Administrator\AppData\Local\Microsoft\WindowsApps;
USERNAME=Administrator
OS=Windows_NT
PROCESSOR_IDENTIFIER=AMD64 Family 23 Model 113 Stepping 0, AuthenticAMD



---------------  S Y S T E M  ---------------

OS: Windows 10.0 , 64 bit Build 19041 (10.0.19041.207)

CPU:total 12 (initial active 12) (12 cores per cpu, 1 threads per core) family 23 model 113 stepping 0, cmov, cx8, fxsr, mmx, sse, sse2, sse3, ssse3, sse4.1, sse4.2, popcnt, avx, avx2, aes, clmul, mmxext, 3dnowpref, lzcnt, sse4a, tsc, tscinvbit, tscinv, bmi1

Memory: 4k page, physical 16692132k(5827336k free), swap 16692132k(5284k free)

vm_info: Java HotSpot(TM) 64-Bit Server VM (25.152-b16) for windows-amd64 JRE (1.8.0_152-b16), built on Sep 14 2017 02:29:36 by "java_re" with MS VC++ 10.0 (VS2010)

time: Sun Dec 19 14:44:21 2021
elapsed time: 0 seconds (0d 0h 0m 0s)

